2024-08-20 00:36:08,541 - INFO - Server Id: 70
2024-08-20 00:36:08,762 - INFO - Successfully connected to the database
2024-08-20 00:36:09,835 - INFO - Connected (version 2.0, client OpenSSH_8.9p1)
2024-08-20 00:36:11,106 - INFO - Authentication (publickey) successful!
2024-08-20 00:36:11,108 - INFO - Executing command: sudo apt update
2024-08-20 00:36:15,211 - ERROR - Error executing command 'sudo apt update': 
WARNING: apt does not have a stable CLI interface. Use with caution in scripts.


2024-08-20 00:36:15,215 - INFO - Executing command: sudo apt install -y nginx
2024-08-20 00:36:16,457 - ERROR - Error executing command 'sudo apt install -y nginx': 
WARNING: apt does not have a stable CLI interface. Use with caution in scripts.


2024-08-20 00:36:16,462 - INFO - Executing command: sudo systemctl enable nginx
2024-08-20 00:36:17,887 - ERROR - Error executing command 'sudo systemctl enable nginx': Synchronizing state of nginx.service with SysV service script with /lib/systemd/systemd-sysv-install.
Executing: /lib/systemd/systemd-sysv-install enable nginx

2024-08-20 00:36:17,890 - INFO - Executing command: sudo systemctl restart nginx
2024-08-20 00:36:18,762 - INFO - Executing command: sudo ufw allow "Nginx Full"
2024-08-20 00:36:19,720 - INFO - Executing command: sudo ufw reload
2024-08-20 00:36:20,588 - INFO - Executing command: sudo apt update && sudo apt upgrade -y
2024-08-20 00:36:23,548 - ERROR - Error executing command 'sudo apt update && sudo apt upgrade -y': 
WARNING: apt does not have a stable CLI interface. Use with caution in scripts.


WARNING: apt does not have a stable CLI interface. Use with caution in scripts.


2024-08-20 00:36:23,551 - INFO - Executing command: sudo apt install ffmpeg -y
2024-08-20 00:36:24,793 - ERROR - Error executing command 'sudo apt install ffmpeg -y': 
WARNING: apt does not have a stable CLI interface. Use with caution in scripts.


2024-08-20 00:36:24,795 - INFO - Executing command: sudo mkdir -p /var/www/html/streams/
2024-08-20 00:36:25,638 - INFO - Executing command: grep -q "add_header Access-Control-Allow-Origin" /etc/nginx/nginx.conf || sudo sed -i "/^http {/a \ \ \ \ \tadd_header Access-Control-Allow-Origin *;" /etc/nginx/nginx.conf
2024-08-20 00:36:26,422 - INFO - Executing command: sudo service nginx restart
2024-08-20 00:36:27,319 - INFO - SSH connection closed
2024-08-20 00:36:27,320 - INFO - MySQL connection is closed
2024-08-20 00:38:31,870 - INFO - Server Id: 71
2024-08-20 00:38:32,057 - INFO - Successfully connected to the database
2024-08-20 00:38:33,126 - INFO - Connected (version 2.0, client OpenSSH_8.9p1)
2024-08-20 00:38:34,546 - INFO - Authentication (publickey) successful!
2024-08-20 00:38:34,550 - INFO - Executing command: sudo apt update
2024-08-20 00:38:37,136 - ERROR - Error executing command 'sudo apt update': 
WARNING: apt does not have a stable CLI interface. Use with caution in scripts.


2024-08-20 00:38:37,139 - INFO - Executing command: sudo apt install -y nginx
2024-08-20 00:38:38,387 - ERROR - Error executing command 'sudo apt install -y nginx': 
WARNING: apt does not have a stable CLI interface. Use with caution in scripts.


2024-08-20 00:38:38,390 - INFO - Executing command: sudo systemctl enable nginx
2024-08-20 00:38:39,809 - ERROR - Error executing command 'sudo systemctl enable nginx': Synchronizing state of nginx.service with SysV service script with /lib/systemd/systemd-sysv-install.
Executing: /lib/systemd/systemd-sysv-install enable nginx

2024-08-20 00:38:39,813 - INFO - Executing command: sudo systemctl restart nginx
2024-08-20 00:38:40,688 - INFO - Executing command: sudo ufw allow "Nginx Full"
2024-08-20 00:38:41,666 - INFO - Executing command: sudo ufw reload
2024-08-20 00:38:42,540 - INFO - Executing command: sudo apt update && sudo apt upgrade -y
2024-08-20 00:38:45,548 - ERROR - Error executing command 'sudo apt update && sudo apt upgrade -y': 
WARNING: apt does not have a stable CLI interface. Use with caution in scripts.


WARNING: apt does not have a stable CLI interface. Use with caution in scripts.


2024-08-20 00:38:45,551 - INFO - Executing command: sudo apt install ffmpeg -y
2024-08-20 00:38:46,834 - ERROR - Error executing command 'sudo apt install ffmpeg -y': 
WARNING: apt does not have a stable CLI interface. Use with caution in scripts.


2024-08-20 00:38:46,837 - INFO - Executing command: sudo mkdir -p /var/www/html/streams/
2024-08-20 00:38:47,657 - INFO - Executing command: grep -q "add_header Access-Control-Allow-Origin" /etc/nginx/nginx.conf || sudo sed -i "/^http {/a \ \ \ \ \tadd_header Access-Control-Allow-Origin *;" /etc/nginx/nginx.conf
2024-08-20 00:38:48,420 - INFO - Executing command: sudo service nginx restart
2024-08-20 00:38:49,264 - INFO - SSH connection closed
2024-08-20 00:38:49,264 - INFO - MySQL connection is closed
